# JRE version: OpenJDK Runtime Environment (11.0.10) (build 11.0.10+0-b96-7249189)
# Java VM: OpenJDK 64-Bit Server VM (11.0.10+0-b96-7249189, mixed mode, tiered, compressed oops, g1 gc, windows-amd64)
Heap:
 garbage-first heap   total 231424K, used 146432K [0x0000000080000000, 0x0000000100000000)
  region size 1024K, 7 young (7168K), 2 survivors (2048K)
 Metaspace       used 140440K, capacity 145032K, committed 145228K, reserved 1175552K
  class space    used 17661K, capacity 19306K, committed 19328K, reserved 1048576K
GC Heap History (20 events):
Event: 1332.033 GC heap before
{Heap before GC invocations=108 (full 0):
 garbage-first heap   total 192512K, used 159011K [0x0000000080000000, 0x0000000100000000)
  region size 1024K, 28 young (28672K), 4 survivors (4096K)
 Metaspace       used 139118K, capacity 143381K, committed 143564K, reserved 1173504K
  class space    used 17541K, capacity 19086K, committed 19200K, reserved 1048576K
}
Event: 1332.075 GC heap after
{Heap after GC invocations=109 (full 0):
 garbage-first heap   total 192512K, used 138128K [0x0000000080000000, 0x0000000100000000)
  region size 1024K, 4 young (4096K), 4 survivors (4096K)
 Metaspace       used 139118K, capacity 143381K, committed 143564K, reserved 1173504K
  class space    used 17541K, capacity 19086K, committed 19200K, reserved 1048576K
}
Event: 1333.062 GC heap before
{Heap before GC invocations=109 (full 0):
 garbage-first heap   total 192512K, used 159632K [0x0000000080000000, 0x0000000100000000)
  region size 1024K, 26 young (26624K), 4 survivors (4096K)
 Metaspace       used 139590K, capacity 143977K, committed 144204K, reserved 1173504K
  class space    used 17607K, capacity 19210K, committed 19328K, reserved 1048576K
}
Event: 1333.096 GC heap after
{Heap after GC invocations=110 (full 0):
 garbage-first heap   total 231424K, used 140391K [0x0000000080000000, 0x0000000100000000)
  region size 1024K, 3 young (3072K), 3 survivors (3072K)
 Metaspace       used 139590K, capacity 143977K, committed 144204K, reserved 1173504K
  class space    used 17607K, capacity 19210K, committed 19328K, reserved 1048576K
}
Event: 1387.875 GC heap before
{Heap before GC invocations=110 (full 0):
 garbage-first heap   total 231424K, used 177255K [0x0000000080000000, 0x0000000100000000)
  region size 1024K, 40 young (40960K), 3 survivors (3072K)
 Metaspace       used 139830K, capacity 144316K, committed 144460K, reserved 1175552K
  class space    used 17625K, capacity 19242K, committed 19328K, reserved 1048576K
}
Event: 1387.931 GC heap after
{Heap after GC invocations=111 (full 0):
 garbage-first heap   total 231424K, used 143986K [0x0000000080000000, 0x0000000100000000)
  region size 1024K, 5 young (5120K), 5 survivors (5120K)
 Metaspace       used 139830K, capacity 144316K, committed 144460K, reserved 1175552K
  class space    used 17625K, capacity 19242K, committed 19328K, reserved 1048576K
}
Event: 1466.548 GC heap before
{Heap before GC invocations=111 (full 0):
 garbage-first heap   total 231424K, used 180850K [0x0000000080000000, 0x0000000100000000)
  region size 1024K, 42 young (43008K), 5 survivors (5120K)
 Metaspace       used 139994K, capacity 144494K, committed 144716K, reserved 1175552K
  class space    used 17632K, capacity 19253K, committed 19328K, reserved 1048576K
}
Event: 1466.700 GC heap after
{Heap after GC invocations=112 (full 0):
 garbage-first heap   total 231424K, used 148265K [0x0000000080000000, 0x0000000100000000)
  region size 1024K, 5 young (5120K), 5 survivors (5120K)
 Metaspace       used 139994K, capacity 144494K, committed 144716K, reserved 1175552K
  class space    used 17632K, capacity 19253K, committed 19328K, reserved 1048576K
}
Event: 1469.379 GC heap before
{Heap before GC invocations=112 (full 0):
 garbage-first heap   total 231424K, used 186153K [0x0000000080000000, 0x0000000100000000)
  region size 1024K, 41 young (41984K), 5 survivors (5120K)
 Metaspace       used 140190K, capacity 144763K, committed 144972K, reserved 1175552K
  class space    used 17652K, capacity 19289K, committed 19328K, reserved 1048576K
}
Event: 1469.414 GC heap after
{Heap after GC invocations=113 (full 0):
 garbage-first heap   total 231424K, used 156434K [0x0000000080000000, 0x0000000100000000)
  region size 1024K, 6 young (6144K), 6 survivors (6144K)
 Metaspace       used 140190K, capacity 144763K, committed 144972K, reserved 1175552K
  class space    used 17652K, capacity 19289K, committed 19328K, reserved 1048576K
}
Event: 1470.138 GC heap before
{Heap before GC invocations=113 (full 0):
 garbage-first heap   total 231424K, used 204562K [0x0000000080000000, 0x0000000100000000)
  region size 1024K, 39 young (39936K), 6 survivors (6144K)
 Metaspace       used 140243K, capacity 144829K, committed 144972K, reserved 1175552K
  class space    used 17652K, capacity 19289K, committed 19328K, reserved 1048576K
}
Event: 1470.190 GC heap after
{Heap after GC invocations=114 (full 0):
 garbage-first heap   total 231424K, used 167304K [0x0000000080000000, 0x0000000100000000)
  region size 1024K, 5 young (5120K), 5 survivors (5120K)
 Metaspace       used 140243K, capacity 144829K, committed 144972K, reserved 1175552K
  class space    used 17652K, capacity 19289K, committed 19328K, reserved 1048576K
}
Event: 1477.219 GC heap before
{Heap before GC invocations=114 (full 0):
 garbage-first heap   total 231424K, used 191880K [0x0000000080000000, 0x0000000100000000)
  region size 1024K, 30 young (30720K), 5 survivors (5120K)
 Metaspace       used 140286K, capacity 144832K, committed 144972K, reserved 1175552K
  class space    used 17652K, capacity 19289K, committed 19328K, reserved 1048576K
}
Event: 1477.243 GC heap after
{Heap after GC invocations=115 (full 0):
 garbage-first heap   total 231424K, used 173056K [0x0000000080000000, 0x0000000100000000)
  region size 1024K, 4 young (4096K), 4 survivors (4096K)
 Metaspace       used 140286K, capacity 144832K, committed 144972K, reserved 1175552K
  class space    used 17652K, capacity 19289K, committed 19328K, reserved 1048576K
}
Event: 1478.062 GC heap before
{Heap before GC invocations=115 (full 0):
 garbage-first heap   total 231424K, used 195584K [0x0000000080000000, 0x0000000100000000)
  region size 1024K, 27 young (27648K), 4 survivors (4096K)
 Metaspace       used 140362K, capacity 144996K, committed 145228K, reserved 1175552K
  class space    used 17657K, capacity 19299K, committed 19328K, reserved 1048576K
}
Event: 1478.120 GC heap after
{Heap after GC invocations=116 (full 0):
 garbage-first heap   total 231424K, used 174729K [0x0000000080000000, 0x0000000100000000)
  region size 1024K, 2 young (2048K), 2 survivors (2048K)
 Metaspace       used 140362K, capacity 144996K, committed 145228K, reserved 1175552K
  class space    used 17657K, capacity 19299K, committed 19328K, reserved 1048576K
}
Event: 1517.036 GC heap before
{Heap before GC invocations=117 (full 0):
 garbage-first heap   total 231424K, used 200329K [0x0000000080000000, 0x0000000100000000)
  region size 1024K, 24 young (24576K), 2 survivors (2048K)
 Metaspace       used 140408K, capacity 145001K, committed 145228K, reserved 1175552K
  class space    used 17657K, capacity 19299K, committed 19328K, reserved 1048576K
}
Event: 1517.094 GC heap after
{Heap after GC invocations=118 (full 0):
 garbage-first heap   total 231424K, used 161754K [0x0000000080000000, 0x0000000100000000)
  region size 1024K, 1 young (1024K), 1 survivors (1024K)
 Metaspace       used 140408K, capacity 145001K, committed 145228K, reserved 1175552K
  class space    used 17657K, capacity 19299K, committed 19328K, reserved 1048576K
}
Event: 1518.172 GC heap before
{Heap before GC invocations=118 (full 0):
 garbage-first heap   total 231424K, used 171994K [0x0000000080000000, 0x0000000100000000)
  region size 1024K, 11 young (11264K), 1 survivors (1024K)
 Metaspace       used 140440K, capacity 145032K, committed 145228K, reserved 1175552K
  class space    used 17661K, capacity 19306K, committed 19328K, reserved 1048576K
}
Event: 1518.272 GC heap after
{Heap after GC invocations=119 (full 0):
 garbage-first heap   total 231424K, used 142336K [0x0000000080000000, 0x0000000100000000)
  region size 1024K, 2 young (2048K), 2 survivors (2048K)
 Metaspace       used 140440K, capacity 145032K, committed 145228K, reserved 1175552K
  class space    used 17661K, capacity 19306K, committed 19328K, reserved 1048576K
}

